<?xml version="1.0" encoding="UTF-8" standalone="no"?>
<!DOCTYPE log SYSTEM "logger.dtd">
<log>
<record>
  <date>2020-05-15T15:03:49</date>
  <millis>1589551429508</millis>
  <sequence>4</sequence>
  <logger>com.javacodegeeks.snippets.core</logger>
  <level>INFO</level>
  <class>uni.system.webapp.security.LoginAttemptService</class>
  <method>loginSuccess</method>
  <thread>43</thread>
  <message>User with IP=0:0:0:0:0:0:0:1 successfully logged in.</message>
</record>
<record>
  <date>2020-05-15T15:04:14</date>
  <millis>1589551454618</millis>
  <sequence>5</sequence>
  <logger>com.javacodegeeks.snippets.core</logger>
  <level>INFO</level>
  <class>uni.system.webapp.security.CookieLogoutSuccessHandler</class>
  <method>onLogoutSuccess</method>
  <thread>48</thread>
  <message>User with id=0000001STU logged out.</message>
</record>
<record>
  <date>2020-05-15T15:05:13</date>
  <millis>1589551513462</millis>
  <sequence>6</sequence>
  <logger>com.javacodegeeks.snippets.core</logger>
  <level>WARNING</level>
  <class>uni.system.webapp.register.RegisterController</class>
  <method>showWelcomePage</method>
  <thread>48</thread>
  <message>Student with id=0000015 failed to register from IP=null.</message>
</record>
<record>
  <date>2020-05-15T15:06:31</date>
  <millis>1589551591424</millis>
  <sequence>7</sequence>
  <logger>com.javacodegeeks.snippets.core</logger>
  <level>INFO</level>
  <class>uni.system.webapp.register.RegisterController</class>
  <method>showWelcomePage</method>
  <thread>41</thread>
  <message>Student with id=0000015 successfully registered from IP=localhost.</message>
</record>
<record>
  <date>2020-05-15T15:11:52</date>
  <millis>1589551912621</millis>
  <sequence>8</sequence>
  <logger>com.javacodegeeks.snippets.core</logger>
  <level>INFO</level>
  <class>uni.system.webapp.security.LoginAttemptService</class>
  <method>loginFail</method>
  <thread>40</thread>
  <message>User with IP=0:0:0:0:0:0:0:1 failed to log in.</message>
</record>
<record>
  <date>2020-05-15T15:12:05</date>
  <millis>1589551925932</millis>
  <sequence>9</sequence>
  <logger>com.javacodegeeks.snippets.core</logger>
  <level>INFO</level>
  <class>uni.system.webapp.security.LoginAttemptService</class>
  <method>loginFail</method>
  <thread>48</thread>
  <message>User with IP=0:0:0:0:0:0:0:1 failed to log in.</message>
</record>
<record>
  <date>2020-05-15T15:12:38</date>
  <millis>1589551958231</millis>
  <sequence>10</sequence>
  <logger>com.javacodegeeks.snippets.core</logger>
  <level>INFO</level>
  <class>uni.system.webapp.security.LoginAttemptService</class>
  <method>loginFail</method>
  <thread>40</thread>
  <message>User with IP=0:0:0:0:0:0:0:1 failed to log in.</message>
</record>
<record>
  <date>2020-05-15T15:12:38</date>
  <millis>1589551958231</millis>
  <sequence>11</sequence>
  <logger>com.javacodegeeks.snippets.core</logger>
  <level>WARNING</level>
  <class>uni.system.webapp.security.LoginAttemptService</class>
  <method>loginFail</method>
  <thread>40</thread>
  <message>User with IP=0:0:0:0:0:0:0:1 has been blocked.</message>
</record>
<?xml version="1.0" encoding="UTF-8" standalone="no"?>
<!DOCTYPE log SYSTEM "logger.dtd">
<log>
<record>
  <date>2020-05-15T15:40:48</date>
  <millis>1589553648105</millis>
  <sequence>4</sequence>
  <logger>com.javacodegeeks.snippets.core</logger>
  <level>INFO</level>
  <class>uni.system.webapp.register.RegisterController</class>
  <method>showWelcomePage</method>
  <thread>45</thread>
  <message>Student with id=0000015 successfully registered from IP=localhost.</message>
</record>
<record>
  <date>2020-05-15T15:45:30</date>
  <millis>1589553930966</millis>
  <sequence>5</sequence>
  <logger>com.javacodegeeks.snippets.core</logger>
  <level>WARNING</level>
  <class>uni.system.webapp.register.RegisterController</class>
  <method>showWelcomePage</method>
  <thread>39</thread>
  <message>Student with id=2366436 failed to register from IP=null.</message>
</record>
<record>
  <date>2020-05-15T15:45:38</date>
  <millis>1589553938522</millis>
  <sequence>6</sequence>
  <logger>com.javacodegeeks.snippets.core</logger>
  <level>WARNING</level>
  <class>uni.system.webapp.register.RegisterController</class>
  <method>showWelcomePage</method>
  <thread>46</thread>
  <message>Student with id=2366436 failed to register from IP=null.</message>
</record>
